<?xml version="1.0" encoding="UTF-8"?>
<testsuite xmlns:xsi="http://www.w3.org/2001/XMLSchema-instance" xsi:noNamespaceSchemaLocation="https://maven.apache.org/surefire/maven-surefire-plugin/xsd/surefire-test-report-3.0.xsd" version="3.0" name="com.example.demo.service.UserServiceTest" time="4.747" tests="6" errors="0" skipped="0" failures="0">
  <properties>
[...]
</properties>
  <testcase name="testUpdateUserNotFound" classname="com.example.demo.service.UserServiceTest" time="4.503"/>
  <testcase name="testSaveUser" classname="com.example.demo.service.UserServiceTest" time="0.031"/>
  <testcase name="testGetAllUsers" classname="com.example.demo.service.UserServiceTest" time="0.006"/>
  <testcase name="testUpdateUser" classname="com.example.demo.service.UserServiceTest" time="0.005"/>
  <testcase name="testDeleteUser" classname="com.example.demo.service.UserServiceTest" time="0.053"/>
  <testcase name="testGetUserById" classname="com.example.demo.service.UserServiceTest" time="0.008"/>
</testsuite>